{
  "RSpec": {
    "coverage": {
      "/Users/lucas.razzell/Desktop/Apprenticeship/oystercard/spec/oystercard_spec.rb": [
        1,
        null,
        1,
        null,
        1,
        1,
        null,
        null,
        null,
        null,
        1,
        6,
        null,
        10,
        null,
        1,
        4,
        null,
        null,
        1,
        1,
        2,
        null,
        null,
        1,
        4,
        null,
        null,
        1,
        1,
        4,
        null,
        null,
        1,
        1,
        null,
        null,
        1,
        2,
        1,
        2,
        null,
        null,
        1,
        1,
        4,
        null,
        null,
        1,
        1,
        1,
        null,
        null,
        1,
        1,
        1,
        1,
        null,
        null,
        null
      ],
      "/Users/lucas.razzell/Desktop/Apprenticeship/oystercard/lib/oystercard.rb": [
        1,
        null,
        1,
        1,
        1,
        null,
        1,
        null,
        1,
        10,
        10,
        10,
        null,
        null,
        1,
        11,
        10,
        null,
        null,
        1,
        5,
        4,
        4,
        null,
        null,
        1,
        3,
        3,
        3,
        null,
        null,
        1,
        1,
        null,
        null,
        1,
        4,
        null,
        null,
        1,
        null,
        1,
        3,
        null,
        null,
        null,
        null,
        null,
        null,
        null,
        null,
        null,
        null,
        null
      ]
    },
    "timestamp": 1539161179
  }
}
